SF:lib/src/tools/elements_tools.dart
DA:7,1
DA:8,1
DA:9,2
DA:10,2
DA:11,1
DA:12,1
DA:13,1
DA:15,5
DA:17,1
DA:18,1
DA:19,2
DA:20,2
DA:21,2
DA:22,2
DA:23,2
DA:24,2
DA:26,1
DA:27,1
DA:29,1
DA:32,1
DA:33,1
DA:34,0
DA:35,0
DA:37,2
DA:38,5
DA:39,2
DA:40,6
DA:41,0
DA:42,1
DA:44,5
DA:46,6
DA:47,1
DA:51,1
DA:52,2
DA:53,0
DA:54,5
DA:55,1
DA:56,1
DA:57,5
DA:58,1
DA:59,1
DA:61,1
DA:62,2
DA:64,2
DA:69,1
DA:70,2
DA:71,2
DA:73,2
DA:74,2
DA:76,1
DA:77,5
DA:78,1
DA:79,1
DA:81,1
DA:82,2
DA:84,2
DA:89,1
DA:90,1
DA:91,0
DA:92,1
DA:93,1
LF:61
LH:56
end_of_record
SF:lib/src/core/classes.dart
DA:9,1
DA:10,1
DA:11,1
DA:14,1
DA:15,3
DA:18,1
DA:19,2
DA:21,1
DA:23,7
DA:36,0
DA:37,0
DA:39,0
DA:41,0
DA:52,1
DA:53,1
DA:54,1
DA:55,1
DA:56,1
DA:57,1
DA:58,1
DA:61,1
DA:62,3
DA:65,1
DA:66,2
DA:67,3
DA:68,3
DA:69,4
DA:70,2
DA:71,2
DA:74,1
DA:76,4
DA:77,2
DA:78,2
DA:81,1
DA:86,1
DA:87,1
DA:88,1
DA:91,1
DA:92,1
DA:94,1
DA:97,1
DA:98,1
DA:99,1
DA:100,1
DA:102,0
DA:103,0
DA:106,0
DA:110,1
DA:111,2
DA:114,1
DA:115,0
DA:118,1
DA:119,0
DA:121,0
DA:122,0
DA:123,0
DA:124,0
DA:127,4
DA:128,2
DA:129,2
DA:132,4
DA:133,2
DA:134,3
LF:63
LH:50
end_of_record
SF:lib/src/core/constants.dart
DA:5,4
DA:7,3
DA:14,4
DA:15,2
DA:16,2
DA:17,2
DA:18,2
DA:19,1
LF:8
LH:8
end_of_record
SF:lib/src/core/parsers.dart
DA:29,1
DA:30,1
DA:31,1
DA:35,1
DA:36,4
DA:37,3
DA:38,2
DA:39,3
DA:40,3
DA:41,2
DA:42,3
DA:43,2
DA:44,3
DA:45,3
DA:46,2
DA:47,2
DA:48,1
DA:49,1
DA:50,8
DA:53,1
DA:54,7
DA:55,1
DA:56,2
DA:58,7
DA:59,1
DA:60,2
DA:62,7
DA:63,1
DA:64,2
DA:68,1
DA:69,1
DA:70,3
DA:71,2
DA:72,8
DA:73,3
DA:74,2
DA:75,1
DA:76,3
DA:80,1
DA:81,1
DA:82,3
DA:83,2
DA:84,2
DA:85,3
DA:86,2
DA:87,3
DA:88,2
DA:89,1
DA:90,2
DA:94,1
DA:95,1
DA:96,3
DA:97,2
DA:98,2
DA:99,3
DA:100,2
DA:101,1
DA:102,2
DA:106,1
DA:107,6
DA:108,1
DA:109,2
DA:111,2
DA:114,1
DA:115,1
DA:116,2
DA:117,1
DA:120,1
DA:121,2
LF:69
LH:69
end_of_record
SF:lib/src/tools/taskString_tools.dart
DA:1,1
DA:2,1
DA:3,1
DA:5,3
DA:6,1
DA:7,1
DA:8,0
DA:9,0
DA:11,1
DA:12,1
DA:14,2
DA:16,1
DA:17,1
DA:19,2
DA:21,1
DA:22,4
DA:23,2
DA:26,1
DA:28,2
DA:31,2
DA:34,3
LF:21
LH:19
end_of_record
SF:lib/src/tools/date_tools.dart
DA:1,1
DA:2,1
DA:3,1
DA:4,1
DA:7,1
DA:8,3
DA:9,3
DA:10,3
DA:11,1
LF:9
LH:9
end_of_record
